<?xml version="1.0" encoding="UTF-8"?>
<!-- Generated by org.testng.reporters.JUnitReportReporter -->
<testsuite skipped="0" hostname="User" name="sritestproj.gitsritest.LoginTest1" tests="1" failures="0" timestamp="03 Aug 2019 14:20:52 GMT" time="88.447" errors="0">
  <testcase name="f" time="88.447" classname="sritestproj.gitsritest.LoginTest1"/>
</testsuite> <!-- sritestproj.gitsritest.LoginTest1 -->
