<?xml version="1.0" encoding="UTF-8"?>
<!-- Generated by org.testng.reporters.JUnitReportReporter -->
<testsuite skipped="0" hostname="User" name="sritestproj.gitsritest.LoginTest1" tests="1" failures="0" timestamp="05 Aug 2019 15:00:17 GMT" time="12.967" errors="0">
  <testcase name="f" time="12.967" classname="sritestproj.gitsritest.LoginTest1"/>
</testsuite> <!-- sritestproj.gitsritest.LoginTest1 -->
